# JRE version: Java(TM) SE Runtime Environment (8.0_121-b13) (build 1.8.0_121-b13)
# Java VM: Java HotSpot(TM) 64-Bit Server VM (25.121-b13 mixed mode windows-amd64 compressed oops)
Heap:
 PSYoungGen      total 41984K, used 33485K [0x00000000d6000000, 0x00000000da400000, 0x0000000100000000)
  eden space 31744K, 99% used [0x00000000d6000000,0x00000000d7ec7da0,0x00000000d7f00000)
  from space 10240K, 19% used [0x00000000d8980000,0x00000000d8b6b870,0x00000000d9380000)
  to   space 10752K, 0% used [0x00000000d7f00000,0x00000000d7f00000,0x00000000d8980000)
 ParOldGen       total 62976K, used 24278K [0x0000000082000000, 0x0000000085d80000, 0x00000000d6000000)
  object space 62976K, 38% used [0x0000000082000000,0x00000000837b5a18,0x0000000085d80000)
 Metaspace       used 24601K, capacity 25658K, committed 25728K, reserved 1071104K
  class space    used 3420K, capacity 3687K, committed 3712K, reserved 1048576K
GC Heap History (10 events):
Event: 9.432 GC heap before
{Heap before GC invocations=3 (full 0):
 PSYoungGen      total 37888K, used 36797K [0x00000000d6000000, 0x00000000d8a00000, 0x0000000100000000)
  eden space 32768K, 100% used [0x00000000d6000000,0x00000000d8000000,0x00000000d8000000)
  from space 5120K, 78% used [0x00000000d8500000,0x00000000d88ef550,0x00000000d8a00000)
  to   space 5120K, 0% used [0x00000000d8000000,0x00000000d8000000,0x00000000d8500000)
 ParOldGen       total 86016K, used 16K [0x0000000082000000, 0x0000000087400000, 0x00000000d6000000)
  object space 86016K, 0% used [0x0000000082000000,0x0000000082004000,0x0000000087400000)
 Metaspace       used 13737K, capacity 14034K, committed 14336K, reserved 1060864K
  class space    used 1816K, capacity 1925K, committed 2048K, reserved 1048576K
Event: 9.444 GC heap after
Heap after GC invocations=3 (full 0):
 PSYoungGen      total 37888K, used 5114K [0x00000000d6000000, 0x00000000d8a00000, 0x0000000100000000)
  eden space 32768K, 0% used [0x00000000d6000000,0x00000000d6000000,0x00000000d8000000)
  from space 5120K, 99% used [0x00000000d8000000,0x00000000d84feb20,0x00000000d8500000)
  to   space 5120K, 0% used [0x00000000d8500000,0x00000000d8500000,0x00000000d8a00000)
 ParOldGen       total 86016K, used 1741K [0x0000000082000000, 0x0000000087400000, 0x00000000d6000000)
  object space 86016K, 2% used [0x0000000082000000,0x00000000821b3700,0x0000000087400000)
 Metaspace       used 13737K, capacity 14034K, committed 14336K, reserved 1060864K
  class space    used 1816K, capacity 1925K, committed 2048K, reserved 1048576K
}
Event: 11.147 GC heap before
{Heap before GC invocations=4 (full 0):
 PSYoungGen      total 37888K, used 37882K [0x00000000d6000000, 0x00000000d8a00000, 0x0000000100000000)
  eden space 32768K, 100% used [0x00000000d6000000,0x00000000d8000000,0x00000000d8000000)
  from space 5120K, 99% used [0x00000000d8000000,0x00000000d84feb20,0x00000000d8500000)
  to   space 5120K, 0% used [0x00000000d8500000,0x00000000d8500000,0x00000000d8a00000)
 ParOldGen       total 86016K, used 1741K [0x0000000082000000, 0x0000000087400000, 0x00000000d6000000)
  object space 86016K, 2% used [0x0000000082000000,0x00000000821b3700,0x0000000087400000)
 Metaspace       used 18305K, capacity 18774K, committed 19072K, reserved 1064960K
  class space    used 2453K, capacity 2611K, committed 2688K, reserved 1048576K
Event: 11.164 GC heap after
Heap after GC invocations=4 (full 0):
 PSYoungGen      total 37888K, used 5088K [0x00000000d6000000, 0x00000000d8a00000, 0x0000000100000000)
  eden space 32768K, 0% used [0x00000000d6000000,0x00000000d6000000,0x00000000d8000000)
  from space 5120K, 99% used [0x00000000d8500000,0x00000000d89f8060,0x00000000d8a00000)
  to   space 5120K, 0% used [0x00000000d8000000,0x00000000d8000000,0x00000000d8500000)
 ParOldGen       total 86016K, used 6400K [0x0000000082000000, 0x0000000087400000, 0x00000000d6000000)
  object space 86016K, 7% used [0x0000000082000000,0x00000000826403f0,0x0000000087400000)
 Metaspace       used 18305K, capacity 18774K, committed 19072K, reserved 1064960K
  class space    used 2453K, capacity 2611K, committed 2688K, reserved 1048576K
}
Event: 12.693 GC heap before
{Heap before GC invocations=5 (full 0):
 PSYoungGen      total 37888K, used 20366K [0x00000000d6000000, 0x00000000d8a00000, 0x0000000100000000)
  eden space 32768K, 46% used [0x00000000d6000000,0x00000000d6eeb9a8,0x00000000d8000000)
  from space 5120K, 99% used [0x00000000d8500000,0x00000000d89f8060,0x00000000d8a00000)
  to   space 5120K, 0% used [0x00000000d8000000,0x00000000d8000000,0x00000000d8500000)
 ParOldGen       total 86016K, used 6400K [0x0000000082000000, 0x0000000087400000, 0x00000000d6000000)
  object space 86016K, 7% used [0x0000000082000000,0x00000000826403f0,0x0000000087400000)
 Metaspace       used 20346K, capacity 21154K, committed 21248K, reserved 1067008K
  class space    used 2763K, capacity 2979K, committed 3072K, reserved 1048576K
Event: 12.707 GC heap after
Heap after GC invocations=5 (full 0):
 PSYoungGen      total 37376K, used 5098K [0x00000000d6000000, 0x00000000d9380000, 0x0000000100000000)
  eden space 32256K, 0% used [0x00000000d6000000,0x00000000d6000000,0x00000000d7f80000)
  from space 5120K, 99% used [0x00000000d8000000,0x00000000d84fab90,0x00000000d8500000)
  to   space 10240K, 0% used [0x00000000d8980000,0x00000000d8980000,0x00000000d9380000)
 ParOldGen       total 86016K, used 7759K [0x0000000082000000, 0x0000000087400000, 0x00000000d6000000)
  object space 86016K, 9% used [0x0000000082000000,0x0000000082793fe0,0x0000000087400000)
 Metaspace       used 20346K, capacity 21154K, committed 21248K, reserved 1067008K
  class space    used 2763K, capacity 2979K, committed 3072K, reserved 1048576K
}
Event: 12.707 GC heap before
{Heap before GC invocations=6 (full 1):
 PSYoungGen      total 37376K, used 5098K [0x00000000d6000000, 0x00000000d9380000, 0x0000000100000000)
  eden space 32256K, 0% used [0x00000000d6000000,0x00000000d6000000,0x00000000d7f80000)
  from space 5120K, 99% used [0x00000000d8000000,0x00000000d84fab90,0x00000000d8500000)
  to   space 10240K, 0% used [0x00000000d8980000,0x00000000d8980000,0x00000000d9380000)
 ParOldGen       total 86016K, used 7759K [0x0000000082000000, 0x0000000087400000, 0x00000000d6000000)
  object space 86016K, 9% used [0x0000000082000000,0x0000000082793fe0,0x0000000087400000)
 Metaspace       used 20346K, capacity 21154K, committed 21248K, reserved 1067008K
  class space    used 2763K, capacity 2979K, committed 3072K, reserved 1048576K
Event: 12.798 GC heap after
Heap after GC invocations=6 (full 1):
 PSYoungGen      total 37376K, used 0K [0x00000000d6000000, 0x00000000d9380000, 0x0000000100000000)
  eden space 32256K, 0% used [0x00000000d6000000,0x00000000d6000000,0x00000000d7f80000)
  from space 5120K, 0% used [0x00000000d8000000,0x00000000d8000000,0x00000000d8500000)
  to   space 10240K, 0% used [0x00000000d8980000,0x00000000d8980000,0x00000000d9380000)
 ParOldGen       total 62976K, used 7886K [0x0000000082000000, 0x0000000085d80000, 0x00000000d6000000)
  object space 62976K, 12% used [0x0000000082000000,0x00000000827b3a08,0x0000000085d80000)
 Metaspace       used 20346K, capacity 21154K, committed 21248K, reserved 1067008K
  class space    used 2763K, capacity 2979K, committed 3072K, reserved 1048576K
}
Event: 17.876 GC heap before
{Heap before GC invocations=7 (full 1):
 PSYoungGen      total 37376K, used 32256K [0x00000000d6000000, 0x00000000d9380000, 0x0000000100000000)
  eden space 32256K, 100% used [0x00000000d6000000,0x00000000d7f80000,0x00000000d7f80000)
  from space 5120K, 0% used [0x00000000d8000000,0x00000000d8000000,0x00000000d8500000)
  to   space 10240K, 0% used [0x00000000d8980000,0x00000000d8980000,0x00000000d9380000)
 ParOldGen       total 62976K, used 7886K [0x0000000082000000, 0x0000000085d80000, 0x00000000d6000000)
  object space 62976K, 12% used [0x0000000082000000,0x00000000827b3a08,0x0000000085d80000)
 Metaspace       used 22245K, capacity 23080K, committed 23296K, reserved 1069056K
  class space    used 3056K, capacity 3276K, committed 3328K, reserved 1048576K
Event: 17.924 GC heap after
Heap after GC invocations=7 (full 1):
 PSYoungGen      total 41984K, used 1966K [0x00000000d6000000, 0x00000000da400000, 0x0000000100000000)
  eden space 31744K, 0% used [0x00000000d6000000,0x00000000d6000000,0x00000000d7f00000)
  from space 10240K, 19% used [0x00000000d8980000,0x00000000d8b6b870,0x00000000d9380000)
  to   space 10752K, 0% used [0x00000000d7f00000,0x00000000d7f00000,0x00000000d8980000)
 ParOldGen       total 62976K, used 24278K [0x0000000082000000, 0x0000000085d80000, 0x00000000d6000000)
  object space 62976K, 38% used [0x0000000082000000,0x00000000837b5a18,0x0000000085d80000)
 Metaspace       used 22245K, capacity 23080K, committed 23296K, reserved 1069056K
  class space    used 3056K, capacity 3276K, committed 3328K, reserved 1048576K
}

