# JRE version: Java(TM) SE Runtime Environment (8.0_121-b13) (build 1.8.0_121-b13)
# Java VM: Java HotSpot(TM) 64-Bit Server VM (25.121-b13 mixed mode windows-amd64 compressed oops)
Heap:
 PSYoungGen      total 43520K, used 14695K [0x00000000d6000000, 0x00000000da600000, 0x0000000100000000)
  eden space 32768K, 34% used [0x00000000d6000000,0x00000000d6aed090,0x00000000d8000000)
  from space 10752K, 32% used [0x00000000d8a00000,0x00000000d8d6cbc8,0x00000000d9480000)
  to   space 10240K, 0% used [0x00000000d8000000,0x00000000d8000000,0x00000000d8a00000)
 ParOldGen       total 65024K, used 25498K [0x0000000082000000, 0x0000000085f80000, 0x00000000d6000000)
  object space 65024K, 39% used [0x0000000082000000,0x00000000838e6be8,0x0000000085f80000)
 Metaspace       used 24914K, capacity 25891K, committed 25984K, reserved 1071104K
  class space    used 3438K, capacity 3684K, committed 3712K, reserved 1048576K
GC Heap History (10 events):
Event: 9.573 GC heap before
{Heap before GC invocations=3 (full 0):
 PSYoungGen      total 37888K, used 36689K [0x00000000d6000000, 0x00000000d8a00000, 0x0000000100000000)
  eden space 32768K, 100% used [0x00000000d6000000,0x00000000d8000000,0x00000000d8000000)
  from space 5120K, 76% used [0x00000000d8500000,0x00000000d88d4640,0x00000000d8a00000)
  to   space 5120K, 0% used [0x00000000d8000000,0x00000000d8000000,0x00000000d8500000)
 ParOldGen       total 86016K, used 16K [0x0000000082000000, 0x0000000087400000, 0x00000000d6000000)
  object space 86016K, 0% used [0x0000000082000000,0x0000000082004000,0x0000000087400000)
 Metaspace       used 13524K, capacity 13784K, committed 13952K, reserved 1060864K
  class space    used 1768K, capacity 1876K, committed 1920K, reserved 1048576K
Event: 9.594 GC heap after
Heap after GC invocations=3 (full 0):
 PSYoungGen      total 37888K, used 5106K [0x00000000d6000000, 0x00000000d8a00000, 0x0000000100000000)
  eden space 32768K, 0% used [0x00000000d6000000,0x00000000d6000000,0x00000000d8000000)
  from space 5120K, 99% used [0x00000000d8000000,0x00000000d84fcb88,0x00000000d8500000)
  to   space 5120K, 0% used [0x00000000d8500000,0x00000000d8500000,0x00000000d8a00000)
 ParOldGen       total 86016K, used 617K [0x0000000082000000, 0x0000000087400000, 0x00000000d6000000)
  object space 86016K, 0% used [0x0000000082000000,0x000000008209a660,0x0000000087400000)
 Metaspace       used 13524K, capacity 13784K, committed 13952K, reserved 1060864K
  class space    used 1768K, capacity 1876K, committed 1920K, reserved 1048576K
}
Event: 11.203 GC heap before
{Heap before GC invocations=4 (full 0):
 PSYoungGen      total 37888K, used 37874K [0x00000000d6000000, 0x00000000d8a00000, 0x0000000100000000)
  eden space 32768K, 100% used [0x00000000d6000000,0x00000000d8000000,0x00000000d8000000)
  from space 5120K, 99% used [0x00000000d8000000,0x00000000d84fcb88,0x00000000d8500000)
  to   space 5120K, 0% used [0x00000000d8500000,0x00000000d8500000,0x00000000d8a00000)
 ParOldGen       total 86016K, used 617K [0x0000000082000000, 0x0000000087400000, 0x00000000d6000000)
  object space 86016K, 0% used [0x0000000082000000,0x000000008209a660,0x0000000087400000)
 Metaspace       used 16704K, capacity 17038K, committed 17280K, reserved 1064960K
  class space    used 2203K, capacity 2323K, committed 2432K, reserved 1048576K
Event: 11.219 GC heap after
Heap after GC invocations=4 (full 0):
 PSYoungGen      total 37888K, used 5105K [0x00000000d6000000, 0x00000000d8a00000, 0x0000000100000000)
  eden space 32768K, 0% used [0x00000000d6000000,0x00000000d6000000,0x00000000d8000000)
  from space 5120K, 99% used [0x00000000d8500000,0x00000000d89fc600,0x00000000d8a00000)
  to   space 5120K, 0% used [0x00000000d8000000,0x00000000d8000000,0x00000000d8500000)
 ParOldGen       total 86016K, used 4282K [0x0000000082000000, 0x0000000087400000, 0x00000000d6000000)
  object space 86016K, 4% used [0x0000000082000000,0x000000008242e928,0x0000000087400000)
 Metaspace       used 16704K, capacity 17038K, committed 17280K, reserved 1064960K
  class space    used 2203K, capacity 2323K, committed 2432K, reserved 1048576K
}
Event: 13.382 GC heap before
{Heap before GC invocations=5 (full 0):
 PSYoungGen      total 37888K, used 28680K [0x00000000d6000000, 0x00000000d8a00000, 0x0000000100000000)
  eden space 32768K, 71% used [0x00000000d6000000,0x00000000d7705a18,0x00000000d8000000)
  from space 5120K, 99% used [0x00000000d8500000,0x00000000d89fc600,0x00000000d8a00000)
  to   space 5120K, 0% used [0x00000000d8000000,0x00000000d8000000,0x00000000d8500000)
 ParOldGen       total 86016K, used 4282K [0x0000000082000000, 0x0000000087400000, 0x00000000d6000000)
  object space 86016K, 4% used [0x0000000082000000,0x000000008242e928,0x0000000087400000)
 Metaspace       used 20521K, capacity 21145K, committed 21296K, reserved 1067008K
  class space    used 2771K, capacity 2944K, committed 2944K, reserved 1048576K
Event: 13.396 GC heap after
Heap after GC invocations=5 (full 0):
 PSYoungGen      total 37376K, used 5115K [0x00000000d6000000, 0x00000000d9480000, 0x0000000100000000)
  eden space 32256K, 0% used [0x00000000d6000000,0x00000000d6000000,0x00000000d7f80000)
  from space 5120K, 99% used [0x00000000d8000000,0x00000000d84fece0,0x00000000d8500000)
  to   space 10752K, 0% used [0x00000000d8a00000,0x00000000d8a00000,0x00000000d9480000)
 ParOldGen       total 86016K, used 7335K [0x0000000082000000, 0x0000000087400000, 0x00000000d6000000)
  object space 86016K, 8% used [0x0000000082000000,0x0000000082729f30,0x0000000087400000)
 Metaspace       used 20521K, capacity 21145K, committed 21296K, reserved 1067008K
  class space    used 2771K, capacity 2944K, committed 2944K, reserved 1048576K
}
Event: 13.396 GC heap before
{Heap before GC invocations=6 (full 1):
 PSYoungGen      total 37376K, used 5115K [0x00000000d6000000, 0x00000000d9480000, 0x0000000100000000)
  eden space 32256K, 0% used [0x00000000d6000000,0x00000000d6000000,0x00000000d7f80000)
  from space 5120K, 99% used [0x00000000d8000000,0x00000000d84fece0,0x00000000d8500000)
  to   space 10752K, 0% used [0x00000000d8a00000,0x00000000d8a00000,0x00000000d9480000)
 ParOldGen       total 86016K, used 7335K [0x0000000082000000, 0x0000000087400000, 0x00000000d6000000)
  object space 86016K, 8% used [0x0000000082000000,0x0000000082729f30,0x0000000087400000)
 Metaspace       used 20521K, capacity 21145K, committed 21296K, reserved 1067008K
  class space    used 2771K, capacity 2944K, committed 2944K, reserved 1048576K
Event: 13.517 GC heap after
Heap after GC invocations=6 (full 1):
 PSYoungGen      total 37376K, used 0K [0x00000000d6000000, 0x00000000d9480000, 0x0000000100000000)
  eden space 32256K, 0% used [0x00000000d6000000,0x00000000d6000000,0x00000000d7f80000)
  from space 5120K, 0% used [0x00000000d8000000,0x00000000d8000000,0x00000000d8500000)
  to   space 10752K, 0% used [0x00000000d8a00000,0x00000000d8a00000,0x00000000d9480000)
 ParOldGen       total 65024K, used 9106K [0x0000000082000000, 0x0000000085f80000, 0x00000000d6000000)
  object space 65024K, 14% used [0x0000000082000000,0x00000000828e4bd8,0x0000000085f80000)
 Metaspace       used 20521K, capacity 21145K, committed 21296K, reserved 1067008K
  class space    used 2771K, capacity 2944K, committed 2944K, reserved 1048576K
}
Event: 21.940 GC heap before
{Heap before GC invocations=7 (full 1):
 PSYoungGen      total 37376K, used 32256K [0x00000000d6000000, 0x00000000d9480000, 0x0000000100000000)
  eden space 32256K, 100% used [0x00000000d6000000,0x00000000d7f80000,0x00000000d7f80000)
  from space 5120K, 0% used [0x00000000d8000000,0x00000000d8000000,0x00000000d8500000)
  to   space 10752K, 0% used [0x00000000d8a00000,0x00000000d8a00000,0x00000000d9480000)
 ParOldGen       total 65024K, used 25490K [0x0000000082000000, 0x0000000085f80000, 0x00000000d6000000)
  object space 65024K, 39% used [0x0000000082000000,0x00000000838e4be8,0x0000000085f80000)
 Metaspace       used 24115K, capacity 25045K, committed 25088K, reserved 1071104K
  class space    used 3329K, capacity 3567K, committed 3584K, reserved 1048576K
Event: 22.183 GC heap after
Heap after GC invocations=7 (full 1):
 PSYoungGen      total 43520K, used 3506K [0x00000000d6000000, 0x00000000da600000, 0x0000000100000000)
  eden space 32768K, 0% used [0x00000000d6000000,0x00000000d6000000,0x00000000d8000000)
  from space 10752K, 32% used [0x00000000d8a00000,0x00000000d8d6cbc8,0x00000000d9480000)
  to   space 10240K, 0% used [0x00000000d8000000,0x00000000d8000000,0x00000000d8a00000)
 ParOldGen       total 65024K, used 25498K [0x0000000082000000, 0x0000000085f80000, 0x00000000d6000000)
  object space 65024K, 39% used [0x0000000082000000,0x00000000838e6be8,0x0000000085f80000)
 Metaspace       used 24115K, capacity 25045K, committed 25088K, reserved 1071104K
  class space    used 3329K, capacity 3567K, committed 3584K, reserved 1048576K
}

